<?xml version="1.0" ?>
<memory>
  <memory_element address="0">1</memory_element>
  <memory_element address="1">0</memory_element>
  <memory_element address="2">0</memory_element>
  <memory_element address="3">0</memory_element>
  <memory_element address="4">0</memory_element>
</memory>
